<?xml version="1.0" encoding="UTF-8"?>
<!-- Generated by org.testng.reporters.JUnitReportReporter -->
<testsuite hostname="DESKTOP-ONQCSNJ" failures="0" tests="1" name="org.testing.testscript.TC6_GetAllMethod_Real" time="1.322" errors="0" timestamp="2023-11-21T23:01:40 IST" skipped="0">
  <testcase classname="org.testing.testscript.TC6_GetAllMethod_Real" name="testCase6" time="1.322"/>
</testsuite> <!-- org.testing.testscript.TC6_GetAllMethod_Real -->
