<?xml version="1.0" encoding="UTF-8"?>
<!-- Generated by org.testng.reporters.JUnitReportReporter -->
<testsuite hostname="DESKTOP-ONQCSNJ" failures="0" tests="1" name="org.testing.testscript.TC5_DeleteRequest" time="0.105" errors="0" timestamp="2023-11-25T14:18:35 IST" skipped="0">
  <testcase classname="org.testing.testscript.TC5_DeleteRequest" name="testCase5" time="0.105"/>
</testsuite> <!-- org.testing.testscript.TC5_DeleteRequest -->
