<?xml version="1.0" encoding="UTF-8"?>
<!-- Generated by org.testng.reporters.JUnitReportReporter -->
<testsuite hostname="DESKTOP-ONQCSNJ" failures="0" tests="1" name="org.testing.testscript.TC4_UpdateRequest" time="0.091" errors="0" timestamp="2023-11-19T13:59:37 IST" skipped="0">
  <testcase classname="org.testing.testscript.TC4_UpdateRequest" name="testCase4" time="0.091"/>
</testsuite> <!-- org.testing.testscript.TC4_UpdateRequest -->
