<?xml version="1.0" encoding="UTF-8"?>
<!-- Generated by org.testng.reporters.JUnitReportReporter -->
<testsuite hostname="DESKTOP-ONQCSNJ" failures="0" tests="1" name="org.testing.testscript.TC6_GetAllMethod_Real" time="1.118" errors="0" timestamp="2023-11-19T13:59:37 IST" skipped="0">
  <testcase classname="org.testing.testscript.TC6_GetAllMethod_Real" name="testCase6" time="1.118"/>
</testsuite> <!-- org.testing.testscript.TC6_GetAllMethod_Real -->
