<?xml version="1.0" encoding="UTF-8"?>
<!-- Generated by org.testng.reporters.JUnitReportReporter -->
<testsuite hostname="DESKTOP-ONQCSNJ" failures="0" tests="1" name="org.testing.testscript.TC1_PostRequest" time="3.322" errors="0" timestamp="2023-11-19T13:59:37 IST" skipped="0">
  <testcase classname="org.testing.testscript.TC1_PostRequest" name="testCase1" time="3.322"/>
</testsuite> <!-- org.testing.testscript.TC1_PostRequest -->
